<?xml version="1.0" encoding="UTF-8"?>
<testsuite xmlns:xsi="http://www.w3.org/2001/XMLSchema-instance" xsi:noNamespaceSchemaLocation="https://maven.apache.org/surefire/maven-surefire-plugin/xsd/surefire-test-report-3.0.xsd" version="3.0" name="TestSuite" time="8.668" tests="1" errors="0" skipped="0" failures="0">
  <properties>
[...]
</properties>
  <testcase name="TestCase" classname="com.auto.test.browser.GoogleTests" time="0.338">
    <system-err><![CDATA[SLF4J: Class path contains multiple SLF4J bindings.
SLF4J: Found binding in [jar:file:/C:/Users/my.tra.nguyen/.m2/repository/org/slf4j/slf4j-simple/1.7.30/slf4j-simple-1.7.30.jar!/org/slf4j/impl/StaticLoggerBinder.class]
SLF4J: Found binding in [jar:file:/C:/Users/my.tra.nguyen/.m2/repository/org/slf4j/slf4j-log4j12/1.7.10/slf4j-log4j12-1.7.10.jar!/org/slf4j/impl/StaticLoggerBinder.class]
SLF4J: See http://www.slf4j.org/codes.html#multiple_bindings for an explanation.
SLF4J: Actual binding is of type [org.slf4j.impl.SimpleLoggerFactory]
10:42:47:413 [main] INFO BrowserTestBase - Running test on chrome
10:42:47:580 [main] INFO LazyDriver - Current thread: 1 - Create a new chrome WebDriver
10:42:48:158 [main] INFO WebDriverManager - Using chromedriver 110.0.5481.77 (resolved driver for Chrome 110)
10:42:48:184 [main] INFO WebDriverManager - Exporting webdriver.chrome.driver as C:\Users\my.tra.nguyen\.cache\selenium\chromedriver\win32\110.0.5481.77\chromedriver.exe
Starting ChromeDriver 110.0.5481.77 (65ed616c6e8ee3fe0ad64fe83796c020644d42af-refs/branch-heads/5481@{#839}) on port 56888
Only local connections are allowed.
Please see https://chromedriver.chromium.org/security-considerations for suggestions on keeping ChromeDriver safe.
ChromeDriver was started successfully.
[1678333370.902][WARNING]: virtual void DevToolsClientImpl::AddListener(DevToolsEventListener *) subscribing a listener to the already connected DevToolsClient. Connection notification will not arrive.
Mar 09, 2023 10:42:51 AM org.openqa.selenium.remote.ProtocolHandshake createSession
INFO: Detected upstream dialect: W3C
Mar 09, 2023 10:42:51 AM org.openqa.selenium.devtools.CdpVersionFinder findNearestMatch
WARNING: Unable to find an exact match for CDP version 110, so returning the closest version found: 106
Mar 09, 2023 10:42:51 AM org.openqa.selenium.devtools.CdpVersionFinder findNearestMatch
INFO: Found CDP implementation for version 110 of 106
10:42:51:309 [main] INFO WebDriverFactory - BrowserName=chrome Version=110.0.5481.178 Platform=WINDOWS
10:42:51:310 [main] INFO WebDriverFactory - Build info: version: '4.5.0', revision: 'fe167b119a'
10:42:51:310 [main] INFO Navigator - Navigate to https://www.google.com
]]></system-err>
  </testcase>
</testsuite>